<?xml version="1.0" encoding="UTF-8" ?>
<testsuite failures="0" time="0.04" errors="0" skipped="0" tests="10" name="play.wordsearch.WordSearchTest">
  <properties>
[...]
</properties>
  <testcase time="0.03" classname="play.wordsearch.WordSearchTest" name="whenInputFileSuppliedToWordSearchHasOnlyTheSearchWordsAndNoAlphaGridThrowError"/>
  <testcase time="0" classname="play.wordsearch.WordSearchTest" name="whenInputFileSuppliedToWordSearchHasSearchWordsAndElementsAreNotSingleLettersThrowError"/>
  <testcase time="0" classname="play.wordsearch.WordSearchTest" name="whenNullFileNameIsSuppliedToWordSearchThrowError"/>
  <testcase time="0" classname="play.wordsearch.WordSearchTest" name="whenInputFileSuppliedToWordSearchIsMinimalAndGoodWithSearchTwoWordsDown"/>
  <testcase time="0" classname="play.wordsearch.WordSearchTest" name="whenInputFileSuppliedToWordSearchIsMinimalAndGoodWithTwoWords"/>
  <testcase time="0.01" classname="play.wordsearch.WordSearchTest" name="whenInputFileSuppliedToWordSearchIsMinimalAndGoodWithSearchOneWordDown"/>
  <testcase time="0" classname="play.wordsearch.WordSearchTest" name="whenEmptyFileNameIsSuppliedToWordSearchThrowError"/>
  <testcase time="0" classname="play.wordsearch.WordSearchTest" name="whenInputFileSuppliedToWordSearchIsMinimalAndGood"/>
  <testcase time="0" classname="play.wordsearch.WordSearchTest" name="whenEmptyFileIsSuppliedToWordSearchThrowError"/>
  <testcase time="0" classname="play.wordsearch.WordSearchTest" name="whenInputFileSuppliedToWordSearchHasSearchWordsAndIncompleteAlphaGridThrowError"/>
</testsuite>